<?xml version="1.0" encoding="UTF-8"?>
<!-- Generated by org.testng.reporters.JUnitReportReporter -->
<testsuite skipped="0" hostname="ACA80157.ipt.aol.com" name="TestMaterial" tests="6" failures="0" timestamp="29 十二月 2018 02:25:49 GMT" time="1.739" errors="0">
  <testcase name="testMaterialStatus" time="0.260" classname="TestMaterial"/>
  <testcase name="testMaterialStatus" time="0.366" classname="TestMaterial"/>
  <testcase name="testMateral" time="0.246" classname="TestMaterial"/>
  <testcase name="testMateral" time="0.250" classname="TestMaterial"/>
  <testcase name="testMateral" time="0.277" classname="TestMaterial"/>
  <testcase name="testMateral" time="0.340" classname="TestMaterial"/>
</testsuite> <!-- TestMaterial -->
