<?xml version="1.0" encoding="UTF-8"?>
<!-- Generated by org.testng.reporters.JUnitReportReporter -->
<testsuite skipped="0" hostname="ACA80157.ipt.aol.com" name="TestUnit" tests="5" failures="0" timestamp="27 十二月 2018 06:10:52 GMT" time="2.711" errors="0">
  <testcase name="testUnitPost" time="0.298" classname="TestUnit"/>
  <testcase name="testUnitPost" time="0.258" classname="TestUnit"/>
  <testcase name="testUnitPost" time="0.258" classname="TestUnit"/>
  <testcase name="testUnitPost" time="0.266" classname="TestUnit"/>
  <testcase name="testUnitGet" time="1.631" classname="TestUnit"/>
</testsuite> <!-- TestUnit -->
