<?xml version="1.0" encoding="UTF-8"?>
<!-- Generated by org.testng.reporters.JUnitReportReporter -->
<testsuite skipped="0" hostname="ACA80112.ipt.aol.com" name="def.warehouse.TestWarehouse" tests="4" failures="0" timestamp="20 三月 2019 08:54:41 GMT" time="1.198" errors="0">
  <testcase name="testwarehousePost" time="0.242" classname="def.warehouse.TestWarehouse"/>
  <testcase name="testwarehousePost" time="0.349" classname="def.warehouse.TestWarehouse"/>
  <testcase name="testwarehousePost" time="0.284" classname="def.warehouse.TestWarehouse"/>
  <testcase name="testwarehousePost" time="0.323" classname="def.warehouse.TestWarehouse"/>
</testsuite> <!-- def.warehouse.TestWarehouse -->
