<?xml version="1.0" encoding="UTF-8"?>
<!-- Generated by org.testng.reporters.JUnitReportReporter -->
<testsuite skipped="0" hostname="ACA80112.ipt.aol.com" name="def.eBOM.TestEBOM" tests="5" failures="0" timestamp="02 四月 2019 07:53:15 GMT" time="1.563" errors="0">
  <testcase name="testEBOMPost1" time="0.254" classname="def.eBOM.TestEBOM"/>
  <testcase name="testEBOMPost1" time="0.361" classname="def.eBOM.TestEBOM"/>
  <testcase name="testEBOMPost" time="0.410" classname="def.eBOM.TestEBOM"/>
  <testcase name="testEBOMPost" time="0.269" classname="def.eBOM.TestEBOM"/>
  <testcase name="testEBOMPost" time="0.269" classname="def.eBOM.TestEBOM"/>
</testsuite> <!-- def.eBOM.TestEBOM -->
