<?xml version="1.0" encoding="UTF-8"?>
<!-- Generated by org.testng.reporters.JUnitReportReporter -->
<testsuite skipped="0" hostname="ACA80112.ipt.aol.com" name="materialLot.admit.TestAdmit" tests="8" failures="0" timestamp="20 三月 2019 08:54:41 GMT" time="3.464" errors="0">
  <testcase name="testAdmitPost" time="0.283" classname="materialLot.admit.TestAdmit"/>
  <testcase name="testAdmitPost" time="0.286" classname="materialLot.admit.TestAdmit"/>
  <testcase name="testAdmitPost" time="0.325" classname="materialLot.admit.TestAdmit"/>
  <testcase name="testAdmitPost" time="0.652" classname="materialLot.admit.TestAdmit"/>
  <testcase name="testAdmitPost" time="0.646" classname="materialLot.admit.TestAdmit"/>
  <testcase name="testAdmitPost" time="0.287" classname="materialLot.admit.TestAdmit"/>
  <testcase name="testAdmitPost" time="0.613" classname="materialLot.admit.TestAdmit"/>
  <testcase name="testAdmitPost" time="0.372" classname="materialLot.admit.TestAdmit"/>
</testsuite> <!-- materialLot.admit.TestAdmit -->
