<?xml version="1.0" encoding="UTF-8"?>
<!-- Generated by org.testng.reporters.JUnitReportReporter -->
<testsuite skipped="0" hostname="ACA80112.ipt.aol.com" name="materialLot.aplit.TestSplit" tests="4" failures="0" timestamp="20 三月 2019 08:54:41 GMT" time="1.909" errors="0">
  <testcase name="testSplitPost" time="0.286" classname="materialLot.aplit.TestSplit"/>
  <testcase name="testSplitPost" time="0.582" classname="materialLot.aplit.TestSplit"/>
  <testcase name="testSplitPost" time="0.683" classname="materialLot.aplit.TestSplit"/>
  <testcase name="testSplitPost" time="0.358" classname="materialLot.aplit.TestSplit"/>
</testsuite> <!-- materialLot.aplit.TestSplit -->
