<?xml version="1.0" encoding="UTF-8"?>
<!-- Generated by org.testng.reporters.JUnitReportReporter -->
<testsuite skipped="0" hostname="ACA80112.ipt.aol.com" name="materialLot.adjust.TestAdjust" tests="4" failures="0" timestamp="20 三月 2019 08:54:41 GMT" time="2.129" errors="0">
  <testcase name="testAdjustPost" time="0.622" classname="materialLot.adjust.TestAdjust"/>
  <testcase name="testAdjustPost" time="0.587" classname="materialLot.adjust.TestAdjust"/>
  <testcase name="testAdjustPost" time="0.487" classname="materialLot.adjust.TestAdjust"/>
  <testcase name="testAdjustPost" time="0.433" classname="materialLot.adjust.TestAdjust"/>
</testsuite> <!-- materialLot.adjust.TestAdjust -->
