<?xml version="1.0" encoding="UTF-8"?>
<!-- Generated by org.testng.reporters.JUnitReportReporter -->
<testsuite skipped="1" hostname="ACA80112.ipt.aol.com" name="materialLot.deliver.TestDeliver" tests="1" failures="0" timestamp="02 四月 2019 07:53:15 GMT" time="0.000" errors="0">
  <testcase name="testDelivertPost" time="0.000" classname="materialLot.deliver.TestDeliver">
    <skipped/>
  </testcase> <!-- testDelivertPost -->
</testsuite> <!-- materialLot.deliver.TestDeliver -->
