<?xml version="1.0" encoding="UTF-8"?>
<!-- Generated by org.testng.reporters.JUnitReportReporter -->
<testsuite skipped="0" hostname="ACA80112.ipt.aol.com" name="kewailianxi.TesterHomeTest" tests="3" failures="0" timestamp="20 三月 2019 07:44:55 GMT" time="3.381" errors="0">
  <testcase name="testSchema" time="0.103" classname="kewailianxi.TesterHomeTest"/>
  <testcase name="testFilterResponse" time="0.461" classname="kewailianxi.TesterHomeTest"/>
  <testcase name="testFilter" time="2.817" classname="kewailianxi.TesterHomeTest"/>
</testsuite> <!-- kewailianxi.TesterHomeTest -->
