<?xml version="1.0" encoding="UTF-8"?>
<!-- Generated by org.testng.reporters.JUnitReportReporter -->
<testsuite skipped="1" hostname="ACA80112.ipt.aol.com" name="def.warehouse.TestStorage2" tests="1" failures="0" timestamp="20 三月 2019 08:54:41 GMT" time="0.000" errors="0">
  <testcase name="testStorage2Post" time="0.000" classname="def.warehouse.TestStorage2">
    <skipped/>
  </testcase> <!-- testStorage2Post -->
</testsuite> <!-- def.warehouse.TestStorage2 -->
