<?xml version="1.0" encoding="UTF-8"?>
<!-- Generated by org.testng.reporters.JUnitReportReporter -->
<testsuite skipped="0" hostname="ACA80112.ipt.aol.com" name="def.warehouse.TestWarehouse" tests="4" failures="0" timestamp="02 四月 2019 07:53:15 GMT" time="1.247" errors="0">
  <testcase name="testWarehousePost" time="0.306" classname="def.warehouse.TestWarehouse"/>
  <testcase name="testWarehousePost" time="0.312" classname="def.warehouse.TestWarehouse"/>
  <testcase name="testWarehousePost" time="0.323" classname="def.warehouse.TestWarehouse"/>
  <testcase name="testWarehousePost" time="0.306" classname="def.warehouse.TestWarehouse"/>
</testsuite> <!-- def.warehouse.TestWarehouse -->
