<?xml version="1.0" encoding="UTF-8"?>
<!-- Generated by org.testng.reporters.JUnitReportReporter -->
<testsuite skipped="0" hostname="ACA80112.ipt.aol.com" name="def.test.warehouse.TestWarehouse" tests="4" failures="0" timestamp="20 三月 2019 07:44:55 GMT" time="1.203" errors="0">
  <testcase name="testwarehousePost" time="0.232" classname="def.test.warehouse.TestWarehouse"/>
  <testcase name="testwarehousePost" time="0.285" classname="def.test.warehouse.TestWarehouse"/>
  <testcase name="testwarehousePost" time="0.399" classname="def.test.warehouse.TestWarehouse"/>
  <testcase name="testwarehousePost" time="0.287" classname="def.test.warehouse.TestWarehouse"/>
</testsuite> <!-- def.test.warehouse.TestWarehouse -->
