<?xml version="1.0" encoding="UTF-8"?>
<!-- Generated by org.testng.reporters.JUnitReportReporter -->
<testsuite skipped="0" hostname="ACA80112.ipt.aol.com" name="def.unit.TestUnit" tests="4" failures="0" timestamp="02 四月 2019 07:53:15 GMT" time="1.574" errors="0">
  <testcase name="testUnitPost" time="0.369" classname="def.unit.TestUnit"/>
  <testcase name="testUnitPost" time="0.308" classname="def.unit.TestUnit"/>
  <testcase name="testUnitPost" time="0.293" classname="def.unit.TestUnit"/>
  <testcase name="testUnitPost" time="0.604" classname="def.unit.TestUnit"/>
</testsuite> <!-- def.unit.TestUnit -->
