<?xml version="1.0" encoding="UTF-8"?>
<!-- Generated by org.testng.reporters.JUnitReportReporter -->
<testsuite skipped="0" hostname="ACA80112.ipt.aol.com" name="materialLot.admit.TestPurchaseAdmit" tests="6" failures="0" timestamp="20 三月 2019 08:54:41 GMT" time="3.403" errors="0">
  <testcase name="testAdmitPost" time="0.242" classname="materialLot.admit.TestPurchaseAdmit"/>
  <testcase name="testAdmitPost" time="0.284" classname="materialLot.admit.TestPurchaseAdmit"/>
  <testcase name="testAdmitPost" time="0.931" classname="materialLot.admit.TestPurchaseAdmit"/>
  <testcase name="testAdmitPost" time="0.724" classname="materialLot.admit.TestPurchaseAdmit"/>
  <testcase name="testAdmitPost" time="0.403" classname="materialLot.admit.TestPurchaseAdmit"/>
  <testcase name="testAdmitPost" time="0.819" classname="materialLot.admit.TestPurchaseAdmit"/>
</testsuite> <!-- materialLot.admit.TestPurchaseAdmit -->
