<?xml version="1.0" encoding="UTF-8"?>
<!-- Generated by org.testng.reporters.JUnitReportReporter -->
<testsuite skipped="0" hostname="ACA80112.ipt.aol.com" name="materialLot.transfer.TestTransfer" tests="3" failures="0" timestamp="20 三月 2019 08:54:41 GMT" time="1.187" errors="0">
  <testcase name="testTransferPost" time="0.660" classname="materialLot.transfer.TestTransfer"/>
  <testcase name="testTransferPost" time="0.240" classname="materialLot.transfer.TestTransfer"/>
  <testcase name="testTransferPost" time="0.287" classname="materialLot.transfer.TestTransfer"/>
</testsuite> <!-- materialLot.transfer.TestTransfer -->
