<?xml version="1.0" encoding="UTF-8"?>
<!-- Generated by org.testng.reporters.JUnitReportReporter -->
<testsuite skipped="0" hostname="ACA80112.ipt.aol.com" name="def.material.TestMaterial" tests="6" failures="0" timestamp="20 三月 2019 08:54:41 GMT" time="1.888" errors="0">
  <testcase name="testMaterialStatus" time="0.341" classname="def.material.TestMaterial"/>
  <testcase name="testMaterialStatus" time="0.367" classname="def.material.TestMaterial"/>
  <testcase name="testMaterialPost" time="0.280" classname="def.material.TestMaterial"/>
  <testcase name="testMaterialPost" time="0.285" classname="def.material.TestMaterial"/>
  <testcase name="testMaterialPost" time="0.211" classname="def.material.TestMaterial"/>
  <testcase name="testMaterialPost" time="0.404" classname="def.material.TestMaterial"/>
</testsuite> <!-- def.material.TestMaterial -->
