<?xml version="1.0" encoding="UTF-8"?>
<!-- Generated by org.testng.reporters.JUnitReportReporter -->
<testsuite skipped="0" hostname="ACA80112.ipt.aol.com" name="def.unit.TestUnit" tests="4" failures="0" timestamp="20 三月 2019 08:54:41 GMT" time="2.396" errors="0">
  <testcase name="testUnitPost" time="0.283" classname="def.unit.TestUnit"/>
  <testcase name="testUnitPost" time="0.287" classname="def.unit.TestUnit"/>
  <testcase name="testUnitPost" time="0.225" classname="def.unit.TestUnit"/>
  <testcase name="testUnitPost" time="1.601" classname="def.unit.TestUnit"/>
</testsuite> <!-- def.unit.TestUnit -->
