<?xml version="1.0" encoding="UTF-8"?>
<!-- Generated by org.testng.reporters.JUnitReportReporter -->
<testsuite skipped="0" hostname="ACA80112.ipt.aol.com" name="materialLot.deliver.TestDeliver" tests="4" failures="0" timestamp="20 三月 2019 08:54:41 GMT" time="1.617" errors="0">
  <testcase name="testDelivertPost" time="0.244" classname="materialLot.deliver.TestDeliver"/>
  <testcase name="testDelivertPost" time="0.356" classname="materialLot.deliver.TestDeliver"/>
  <testcase name="testDelivertPost" time="0.512" classname="materialLot.deliver.TestDeliver"/>
  <testcase name="testDelivertPost" time="0.505" classname="materialLot.deliver.TestDeliver"/>
</testsuite> <!-- materialLot.deliver.TestDeliver -->
