<?xml version="1.0" encoding="UTF-8"?>
<!-- Generated by org.testng.reporters.JUnitReportReporter -->
<testsuite skipped="1" hostname="ACA80112.ipt.aol.com" name="materialLot.aplit.TestSplit" tests="1" failures="0" timestamp="02 四月 2019 07:53:15 GMT" time="0.000" errors="0">
  <testcase name="testSplitPost" time="0.000" classname="materialLot.aplit.TestSplit">
    <skipped/>
  </testcase> <!-- testSplitPost -->
</testsuite> <!-- materialLot.aplit.TestSplit -->
